f:\demo\trunk\server\net\network\network\debug\loginserver.pch
f:\demo\trunk\server\net\network\network\debug\vc120.pdb
f:\demo\trunk\server\net\network\network\debug\vc120.idb
f:\demo\trunk\server\net\network\network\debug\stdafx.obj
f:\demo\trunk\server\net\network\network\debug\databaseclient.obj
f:\demo\trunk\server\net\network\network\debug\loginevent.obj
f:\demo\trunk\server\net\network\network\debug\loginserver.obj
f:\demo\trunk\server\net\network\debug\loginserver.ilk
f:\demo\trunk\server\net\network\debug\loginserver.exe
f:\demo\trunk\server\net\network\debug\loginserver.pdb
d:\sixu3d\trunk\server\server\network\network\debug\databaseclient.obj
d:\sixu3d\trunk\server\server\network\network\debug\loginevent.obj
d:\sixu3d\trunk\server\server\network\network\debug\loginserver.obj
d:\sixu3d\trunk\server\server\network\network\debug\stdafx.obj
d:\sixu3d\trunk\server\server\network\network\debug\loginserver.pch
d:\sixu3d\trunk\server\server\network\network\debug\vc120.idb
d:\sixu3d\trunk\server\server\network\network\debug\vc120.pdb
d:\sixu3d\trunk\server\server\network\debug\loginserver.pdb
d:\sixu3d\trunk\server\server\network\debug\loginserver.exe
d:\sixu3d\trunk\server\server\network\debug\loginserver.ilk
d:\sixu3d\trunk\server\server\network\network\debug\loginserver.tlog\cl.command.1.tlog
d:\sixu3d\trunk\server\server\network\network\debug\loginserver.tlog\cl.read.1.tlog
d:\sixu3d\trunk\server\server\network\network\debug\loginserver.tlog\cl.write.1.tlog
d:\sixu3d\trunk\server\server\network\network\debug\loginserver.tlog\link.command.1.tlog
d:\sixu3d\trunk\server\server\network\network\debug\loginserver.tlog\link.read.1.tlog
d:\sixu3d\trunk\server\server\network\network\debug\loginserver.tlog\link.write.1.tlog
